<?xml version="1.0" encoding="UTF-8"?>
<coverage generated="1713946734564" clover="3.2.0">
  <project timestamp="1713946734564" name="All files">
    <metrics statements="7" coveredstatements="7" conditionals="0" coveredconditionals="0" methods="3" coveredmethods="3" elements="10" coveredelements="10" complexity="0" loc="7" ncloc="7" packages="1" files="1" classes="1"/>
    <file name="useMouseDown.ts" path="D:\Courses\Udemy\React\Nick Ovchinnikov\minesweeper\src\hooks\useMouseDown.ts">
      <metrics statements="7" coveredstatements="7" conditionals="0" coveredconditionals="0" methods="3" coveredmethods="3"/>
      <line num="6" count="1" type="stmt"/>
      <line num="11" count="4" type="stmt"/>
      <line num="13" count="4" type="stmt"/>
      <line num="14" count="2" type="stmt"/>
      <line num="18" count="4" type="stmt"/>
      <line num="19" count="1" type="stmt"/>
      <line num="24" count="4" type="stmt"/>
    </file>
  </project>
</coverage>
