{"D:\\Courses\\Udemy\\React\\Nick Ovchinnikov\\minesweeper\\src\\components\\Game\\GameArea.tsx": {"path":"D:\\Courses\\Udemy\\React\\Nick Ovchinnikov\\minesweeper\\src\\components\\Game\\GameArea.tsx","statementMap":{"0":{"start":{"line":11,"column":43},"end":{"line":13,"column":1}},"1":{"start":{"line":12,"column":2},"end":{"line":12,"column":27}},"2":{"start":{"line":15,"column":14},"end":{"line":23,"column":1}}},"fnMap":{"0":{"name":"(anonymous_0)","decl":{"start":{"line":11,"column":43},"end":{"line":11,"column":44}},"loc":{"start":{"line":12,"column":2},"end":{"line":12,"column":27}},"line":12}},"branchMap":{},"s":{"0":1,"1":3,"2":1},"f":{"0":3},"b":{},"_coverageSchema":"1a1c01bbd47fc00a2c39e90264f33305004495a9","hash":"d78cf24d2085516d2b89b3b9c2aae6a6116d9ac9"}
,"D:\\Courses\\Udemy\\React\\Nick Ovchinnikov\\minesweeper\\src\\components\\Game\\GameOver.tsx": {"path":"D:\\Courses\\Udemy\\React\\Nick Ovchinnikov\\minesweeper\\src\\components\\Game\\GameOver.tsx","statementMap":{"0":{"start":{"line":11,"column":43},"end":{"line":15,"column":1}},"1":{"start":{"line":12,"column":2},"end":{"line":14,"column":10}},"2":{"start":{"line":24,"column":14},"end":{"line":41,"column":1}}},"fnMap":{"0":{"name":"(anonymous_0)","decl":{"start":{"line":11,"column":43},"end":{"line":11,"column":44}},"loc":{"start":{"line":12,"column":2},"end":{"line":14,"column":10}},"line":12}},"branchMap":{"0":{"loc":{"start":{"line":13,"column":5},"end":{"line":13,"column":24}},"type":"cond-expr","locations":[{"start":{"line":13,"column":13},"end":{"line":13,"column":17}},{"start":{"line":13,"column":20},"end":{"line":13,"column":24}}],"line":13}},"s":{"0":1,"1":3,"2":1},"f":{"0":3},"b":{"0":[3,0]},"_coverageSchema":"1a1c01bbd47fc00a2c39e90264f33305004495a9","hash":"0aee1e1e56ff23bb246e962d6b24918ba954b965"}
,"D:\\Courses\\Udemy\\React\\Nick Ovchinnikov\\minesweeper\\src\\components\\Game\\Wrapper.tsx": {"path":"D:\\Courses\\Udemy\\React\\Nick Ovchinnikov\\minesweeper\\src\\components\\Game\\Wrapper.tsx","statementMap":{"0":{"start":{"line":11,"column":41},"end":{"line":13,"column":1}},"1":{"start":{"line":12,"column":2},"end":{"line":12,"column":27}},"2":{"start":{"line":15,"column":14},"end":{"line":21,"column":1}}},"fnMap":{"0":{"name":"(anonymous_0)","decl":{"start":{"line":11,"column":41},"end":{"line":11,"column":42}},"loc":{"start":{"line":12,"column":2},"end":{"line":12,"column":27}},"line":12}},"branchMap":{},"s":{"0":1,"1":3,"2":1},"f":{"0":3},"b":{},"_coverageSchema":"1a1c01bbd47fc00a2c39e90264f33305004495a9","hash":"f1e1a0526baab57408f2789511d691bf58c64d3e"}
,"D:\\Courses\\Udemy\\React\\Nick Ovchinnikov\\minesweeper\\src\\components\\Game\\index.ts": {"path":"D:\\Courses\\Udemy\\React\\Nick Ovchinnikov\\minesweeper\\src\\components\\Game\\index.ts","statementMap":{},"fnMap":{},"branchMap":{},"s":{},"f":{},"b":{},"_coverageSchema":"1a1c01bbd47fc00a2c39e90264f33305004495a9","hash":"06556110206d4336aefbd1aa67645276201b0f4b"}
,"D:\\Courses\\Udemy\\React\\Nick Ovchinnikov\\minesweeper\\src\\components\\Grid\\Cell.tsx": {"path":"D:\\Courses\\Udemy\\React\\Nick Ovchinnikov\\minesweeper\\src\\components\\Grid\\Cell.tsx","statementMap":{"0":{"start":{"line":15,"column":2},"end":{"line":15,"column":79}},"1":{"start":{"line":19,"column":46},"end":{"line":19,"column":60}},"2":{"start":{"line":21,"column":18},"end":{"line":23,"column":3}},"3":{"start":{"line":22,"column":4},"end":{"line":22,"column":25}},"4":{"start":{"line":25,"column":24},"end":{"line":31,"column":3}},"5":{"start":{"line":26,"column":4},"end":{"line":26,"column":26}},"6":{"start":{"line":28,"column":4},"end":{"line":30,"column":5}},"7":{"start":{"line":29,"column":6},"end":{"line":29,"column":33}},"8":{"start":{"line":33,"column":16},"end":{"line":42,"column":3}},"9":{"start":{"line":44,"column":2},"end":{"line":44,"column":62}},"10":{"start":{"line":59,"column":29},"end":{"line":62,"column":3}},"11":{"start":{"line":64,"column":2},"end":{"line":94,"column":3}},"12":{"start":{"line":66,"column":6},"end":{"line":66,"column":55}},"13":{"start":{"line":69,"column":6},"end":{"line":73,"column":8}},"14":{"start":{"line":76,"column":6},"end":{"line":80,"column":8}},"15":{"start":{"line":83,"column":6},"end":{"line":87,"column":8}},"16":{"start":{"line":90,"column":6},"end":{"line":90,"column":39}},"17":{"start":{"line":93,"column":6},"end":{"line":93,"column":79}},"18":{"start":{"line":101,"column":27},"end":{"line":118,"column":1}},"19":{"start":{"line":112,"column":4},"end":{"line":112,"column":61}},"20":{"start":{"line":120,"column":20},"end":{"line":120,"column":35}},"21":{"start":{"line":121,"column":46},"end":{"line":135,"column":1}},"22":{"start":{"line":137,"column":22},"end":{"line":145,"column":1}},"23":{"start":{"line":140,"column":29},"end":{"line":140,"column":72}},"24":{"start":{"line":147,"column":13},"end":{"line":152,"column":1}},"25":{"start":{"line":154,"column":18},"end":{"line":156,"column":1}},"26":{"start":{"line":158,"column":13},"end":{"line":164,"column":1}},"27":{"start":{"line":166,"column":17},"end":{"line":168,"column":1}}},"fnMap":{"0":{"name":"isActiveCell","decl":{"start":{"line":14,"column":16},"end":{"line":14,"column":28}},"loc":{"start":{"line":14,"column":54},"end":{"line":16,"column":1}},"line":14},"1":{"name":"Cell","decl":{"start":{"line":18,"column":24},"end":{"line":18,"column":28}},"loc":{"start":{"line":18,"column":71},"end":{"line":45,"column":1}},"line":18},"2":{"name":"(anonymous_2)","decl":{"start":{"line":21,"column":18},"end":{"line":21,"column":19}},"loc":{"start":{"line":21,"column":24},"end":{"line":23,"column":3}},"line":21},"3":{"name":"(anonymous_3)","decl":{"start":{"line":25,"column":24},"end":{"line":25,"column":25}},"loc":{"start":{"line":25,"column":65},"end":{"line":31,"column":3}},"line":25},"4":{"name":"ComponentsMap","decl":{"start":{"line":58,"column":9},"end":{"line":58,"column":22}},"loc":{"start":{"line":58,"column":65},"end":{"line":95,"column":1}},"line":58},"5":{"name":"(anonymous_5)","decl":{"start":{"line":111,"column":18},"end":{"line":111,"column":19}},"loc":{"start":{"line":112,"column":4},"end":{"line":112,"column":61}},"line":112},"6":{"name":"(anonymous_6)","decl":{"start":{"line":140,"column":11},"end":{"line":140,"column":12}},"loc":{"start":{"line":140,"column":29},"end":{"line":140,"column":72}},"line":140}},"branchMap":{"0":{"loc":{"start":{"line":28,"column":4},"end":{"line":30,"column":5}},"type":"if","locations":[{"start":{"line":28,"column":4},"end":{"line":30,"column":5}},{"start":{},"end":{}}],"line":28},"1":{"loc":{"start":{"line":64,"column":2},"end":{"line":94,"column":3}},"type":"switch","locations":[{"start":{"line":65,"column":4},"end":{"line":66,"column":55}},{"start":{"line":68,"column":4},"end":{"line":73,"column":8}},{"start":{"line":75,"column":4},"end":{"line":80,"column":8}},{"start":{"line":82,"column":4},"end":{"line":87,"column":8}},{"start":{"line":89,"column":4},"end":{"line":90,"column":39}},{"start":{"line":92,"column":4},"end":{"line":93,"column":79}}],"line":64},"2":{"loc":{"start":{"line":111,"column":21},"end":{"line":111,"column":38}},"type":"default-arg","locations":[{"start":{"line":111,"column":33},"end":{"line":111,"column":38}}],"line":111},"3":{"loc":{"start":{"line":112,"column":4},"end":{"line":112,"column":61}},"type":"cond-expr","locations":[{"start":{"line":112,"column":16},"end":{"line":112,"column":29}},{"start":{"line":112,"column":32},"end":{"line":112,"column":61}}],"line":112},"4":{"loc":{"start":{"line":140,"column":29},"end":{"line":140,"column":72}},"type":"binary-expr","locations":[{"start":{"line":140,"column":29},"end":{"line":140,"column":57}},{"start":{"line":140,"column":61},"end":{"line":140,"column":72}}],"line":140}},"s":{"0":0,"1":821,"2":821,"3":0,"4":821,"5":0,"6":0,"7":0,"8":821,"9":821,"10":821,"11":821,"12":0,"13":0,"14":0,"15":0,"16":821,"17":0,"18":1,"19":821,"20":1,"21":1,"22":1,"23":0,"24":1,"25":1,"26":1,"27":1},"f":{"0":0,"1":821,"2":0,"3":0,"4":821,"5":821,"6":0},"b":{"0":[0,0],"1":[0,0,0,0,821,0],"2":[0],"3":[0,821],"4":[0,0]},"_coverageSchema":"1a1c01bbd47fc00a2c39e90264f33305004495a9","hash":"72235ab5337cd5f8d89d315018e392997c13d7b2"}
,"D:\\Courses\\Udemy\\React\\Nick Ovchinnikov\\minesweeper\\src\\components\\Grid\\Grid.tsx": {"path":"D:\\Courses\\Udemy\\React\\Nick Ovchinnikov\\minesweeper\\src\\components\\Grid\\Grid.tsx","statementMap":{"0":{"start":{"line":15,"column":2},"end":{"line":25,"column":4}},"1":{"start":{"line":18,"column":8},"end":{"line":22,"column":10}},"2":{"start":{"line":19,"column":10},"end":{"line":21,"column":17}},"3":{"start":{"line":32,"column":16},"end":{"line":37,"column":1}},"4":{"start":{"line":34,"column":48},"end":{"line":34,"column":52}}},"fnMap":{"0":{"name":"Grid","decl":{"start":{"line":14,"column":24},"end":{"line":14,"column":28}},"loc":{"start":{"line":14,"column":63},"end":{"line":26,"column":1}},"line":14},"1":{"name":"(anonymous_1)","decl":{"start":{"line":17,"column":20},"end":{"line":17,"column":21}},"loc":{"start":{"line":18,"column":8},"end":{"line":22,"column":10}},"line":18},"2":{"name":"(anonymous_2)","decl":{"start":{"line":18,"column":16},"end":{"line":18,"column":17}},"loc":{"start":{"line":19,"column":10},"end":{"line":21,"column":17}},"line":19},"3":{"name":"(anonymous_3)","decl":{"start":{"line":34,"column":34},"end":{"line":34,"column":35}},"loc":{"start":{"line":34,"column":48},"end":{"line":34,"column":52}},"line":34}},"branchMap":{},"s":{"0":3,"1":47,"2":821,"3":1,"4":3},"f":{"0":3,"1":47,"2":821,"3":3},"b":{},"_coverageSchema":"1a1c01bbd47fc00a2c39e90264f33305004495a9","hash":"83268dfe96bfd97c8f2390912b32cebb293daee9"}
,"D:\\Courses\\Udemy\\React\\Nick Ovchinnikov\\minesweeper\\src\\components\\Scoreboard\\Counter.tsx": {"path":"D:\\Courses\\Udemy\\React\\Nick Ovchinnikov\\minesweeper\\src\\components\\Scoreboard\\Counter.tsx","statementMap":{"0":{"start":{"line":9,"column":2},"end":{"line":9,"column":35}},"1":{"start":{"line":12,"column":14},"end":{"line":19,"column":1}}},"fnMap":{"0":{"name":"Counter","decl":{"start":{"line":8,"column":24},"end":{"line":8,"column":31}},"loc":{"start":{"line":8,"column":60},"end":{"line":10,"column":1}},"line":8}},"branchMap":{},"s":{"0":6,"1":1},"f":{"0":6},"b":{},"_coverageSchema":"1a1c01bbd47fc00a2c39e90264f33305004495a9","hash":"48a5b9d1fc79e0f486e36aeacdf9ec5e15008655"}
,"D:\\Courses\\Udemy\\React\\Nick Ovchinnikov\\minesweeper\\src\\components\\Scoreboard\\Level.tsx": {"path":"D:\\Courses\\Udemy\\React\\Nick Ovchinnikov\\minesweeper\\src\\components\\Scoreboard\\Level.tsx","statementMap":{"0":{"start":{"line":11,"column":2},"end":{"line":19,"column":4}},"1":{"start":{"line":14,"column":8},"end":{"line":16,"column":17}},"2":{"start":{"line":22,"column":15},"end":{"line":27,"column":1}},"3":{"start":{"line":29,"column":15},"end":{"line":35,"column":1}}},"fnMap":{"0":{"name":"Level","decl":{"start":{"line":10,"column":24},"end":{"line":10,"column":29}},"loc":{"start":{"line":10,"column":66},"end":{"line":20,"column":1}},"line":10},"1":{"name":"(anonymous_1)","decl":{"start":{"line":13,"column":20},"end":{"line":13,"column":21}},"loc":{"start":{"line":14,"column":8},"end":{"line":16,"column":17}},"line":14}},"branchMap":{},"s":{"0":3,"1":9,"2":1,"3":1},"f":{"0":3,"1":9},"b":{},"_coverageSchema":"1a1c01bbd47fc00a2c39e90264f33305004495a9","hash":"be3b9807f24b5cc3fab54e6fd2ccd4b76782cfa5"}
,"D:\\Courses\\Udemy\\React\\Nick Ovchinnikov\\minesweeper\\src\\components\\Scoreboard\\Reset.tsx": {"path":"D:\\Courses\\Udemy\\React\\Nick Ovchinnikov\\minesweeper\\src\\components\\Scoreboard\\Reset.tsx","statementMap":{"0":{"start":{"line":11,"column":46},"end":{"line":11,"column":60}},"1":{"start":{"line":13,"column":17},"end":{"line":18,"column":3}},"2":{"start":{"line":20,"column":2},"end":{"line":20,"column":64}},"3":{"start":{"line":23,"column":15},"end":{"line":31,"column":1}}},"fnMap":{"0":{"name":"Reset","decl":{"start":{"line":10,"column":24},"end":{"line":10,"column":29}},"loc":{"start":{"line":10,"column":55},"end":{"line":21,"column":1}},"line":10}},"branchMap":{"0":{"loc":{"start":{"line":20,"column":30},"end":{"line":20,"column":53}},"type":"cond-expr","locations":[{"start":{"line":20,"column":42},"end":{"line":20,"column":46}},{"start":{"line":20,"column":49},"end":{"line":20,"column":53}}],"line":20}},"s":{"0":3,"1":3,"2":3,"3":1},"f":{"0":3},"b":{"0":[0,3]},"_coverageSchema":"1a1c01bbd47fc00a2c39e90264f33305004495a9","hash":"47451eaddbdcea7bf9e0f74033f3e832a8fd50a3"}
,"D:\\Courses\\Udemy\\React\\Nick Ovchinnikov\\minesweeper\\src\\components\\Scoreboard\\Scoreboard.tsx": {"path":"D:\\Courses\\Udemy\\React\\Nick Ovchinnikov\\minesweeper\\src\\components\\Scoreboard\\Scoreboard.tsx","statementMap":{"0":{"start":{"line":25,"column":2},"end":{"line":34,"column":4}},"1":{"start":{"line":37,"column":16},"end":{"line":42,"column":1}}},"fnMap":{"0":{"name":"Scoreboard","decl":{"start":{"line":17,"column":24},"end":{"line":17,"column":34}},"loc":{"start":{"line":24,"column":20},"end":{"line":35,"column":1}},"line":24}},"branchMap":{},"s":{"0":3,"1":1},"f":{"0":3},"b":{},"_coverageSchema":"1a1c01bbd47fc00a2c39e90264f33305004495a9","hash":"e4646fd558dbb7d589bfefce6360c9f655b0811c"}
,"D:\\Courses\\Udemy\\React\\Nick Ovchinnikov\\minesweeper\\src\\components\\Scoreboard\\index.ts": {"path":"D:\\Courses\\Udemy\\React\\Nick Ovchinnikov\\minesweeper\\src\\components\\Scoreboard\\index.ts","statementMap":{},"fnMap":{},"branchMap":{},"s":{},"f":{},"b":{},"_coverageSchema":"1a1c01bbd47fc00a2c39e90264f33305004495a9","hash":"b829d79cc36778cf672d09f7f4aa197486ef53d0"}
,"D:\\Courses\\Udemy\\React\\Nick Ovchinnikov\\minesweeper\\src\\components\\Top\\GameName.tsx": {"path":"D:\\Courses\\Udemy\\React\\Nick Ovchinnikov\\minesweeper\\src\\components\\Top\\GameName.tsx","statementMap":{"0":{"start":{"line":7,"column":24},"end":{"line":9,"column":1}}},"fnMap":{},"branchMap":{},"s":{"0":1},"f":{},"b":{},"_coverageSchema":"1a1c01bbd47fc00a2c39e90264f33305004495a9","hash":"a3666c5b2ba2120c290609104a1367ccffd6d53a"}
,"D:\\Courses\\Udemy\\React\\Nick Ovchinnikov\\minesweeper\\src\\components\\Top\\Legend.tsx": {"path":"D:\\Courses\\Udemy\\React\\Nick Ovchinnikov\\minesweeper\\src\\components\\Top\\Legend.tsx","statementMap":{"0":{"start":{"line":15,"column":2},"end":{"line":23,"column":4}},"1":{"start":{"line":26,"column":24},"end":{"line":28,"column":1}},"2":{"start":{"line":30,"column":15},"end":{"line":34,"column":1}},"3":{"start":{"line":36,"column":20},"end":{"line":38,"column":1}},"4":{"start":{"line":40,"column":21},"end":{"line":42,"column":1}}},"fnMap":{"0":{"name":"Legend","decl":{"start":{"line":10,"column":24},"end":{"line":10,"column":30}},"loc":{"start":{"line":14,"column":16},"end":{"line":24,"column":1}},"line":14}},"branchMap":{},"s":{"0":3,"1":1,"2":1,"3":1,"4":1},"f":{"0":3},"b":{},"_coverageSchema":"1a1c01bbd47fc00a2c39e90264f33305004495a9","hash":"648b122592f990d89350ada1ba64e4492f095890"}
,"D:\\Courses\\Udemy\\React\\Nick Ovchinnikov\\minesweeper\\src\\components\\Top\\Top.tsx": {"path":"D:\\Courses\\Udemy\\React\\Nick Ovchinnikov\\minesweeper\\src\\components\\Top\\Top.tsx","statementMap":{"0":{"start":{"line":10,"column":2},"end":{"line":15,"column":4}},"1":{"start":{"line":18,"column":15},"end":{"line":22,"column":1}}},"fnMap":{"0":{"name":"Top","decl":{"start":{"line":9,"column":24},"end":{"line":9,"column":27}},"loc":{"start":{"line":9,"column":76},"end":{"line":16,"column":1}},"line":9}},"branchMap":{},"s":{"0":3,"1":1},"f":{"0":3},"b":{},"_coverageSchema":"1a1c01bbd47fc00a2c39e90264f33305004495a9","hash":"92cd6eda37ae334dde58d13c9febd91ae56f9ff0"}
,"D:\\Courses\\Udemy\\React\\Nick Ovchinnikov\\minesweeper\\src\\helpers\\CellsManipulator.ts": {"path":"D:\\Courses\\Udemy\\React\\Nick Ovchinnikov\\minesweeper\\src\\helpers\\CellsManipulator.ts","statementMap":{"0":{"start":{"line":7,"column":2},"end":{"line":16,"column":4}},"1":{"start":{"line":20,"column":2},"end":{"line":20,"column":62}},"2":{"start":{"line":24,"column":16},"end":{"line":24,"column":41}},"3":{"start":{"line":26,"column":2},"end":{"line":35,"column":3}},"4":{"start":{"line":27,"column":4},"end":{"line":34,"column":5}},"5":{"start":{"line":28,"column":21},"end":{"line":28,"column":25}},"6":{"start":{"line":29,"column":19},"end":{"line":29,"column":30}},"7":{"start":{"line":31,"column":6},"end":{"line":33,"column":7}},"8":{"start":{"line":32,"column":8},"end":{"line":32,"column":41}},"9":{"start":{"line":37,"column":2},"end":{"line":37,"column":15}},"10":{"start":{"line":45,"column":17},"end":{"line":45,"column":23}},"11":{"start":{"line":46,"column":19},"end":{"line":46,"column":34}},"12":{"start":{"line":48,"column":2},"end":{"line":50,"column":3}},"13":{"start":{"line":49,"column":4},"end":{"line":49,"column":33}},"14":{"start":{"line":52,"column":2},"end":{"line":73,"column":3}},"15":{"start":{"line":53,"column":4},"end":{"line":53,"column":33}},"16":{"start":{"line":55,"column":18},"end":{"line":55,"column":43}},"17":{"start":{"line":57,"column":4},"end":{"line":72,"column":5}},"18":{"start":{"line":58,"column":6},"end":{"line":71,"column":7}},"19":{"start":{"line":59,"column":23},"end":{"line":59,"column":29}},"20":{"start":{"line":61,"column":25},"end":{"line":61,"column":40}},"21":{"start":{"line":62,"column":27},"end":{"line":62,"column":44}},"22":{"start":{"line":64,"column":8},"end":{"line":66,"column":9}},"23":{"start":{"line":65,"column":10},"end":{"line":65,"column":65}},"24":{"start":{"line":68,"column":8},"end":{"line":70,"column":9}},"25":{"start":{"line":69,"column":10},"end":{"line":69,"column":39}},"26":{"start":{"line":75,"column":2},"end":{"line":75,"column":31}},"27":{"start":{"line":77,"column":2},"end":{"line":77,"column":21}}},"fnMap":{"0":{"name":"getNeigboursItems","decl":{"start":{"line":3,"column":16},"end":{"line":3,"column":33}},"loc":{"start":{"line":6,"column":2},"end":{"line":17,"column":1}},"line":6},"1":{"name":"checkItemInField","decl":{"start":{"line":19,"column":16},"end":{"line":19,"column":32}},"loc":{"start":{"line":19,"column":77},"end":{"line":21,"column":1}},"line":19},"2":{"name":"incrementNeibours","decl":{"start":{"line":23,"column":16},"end":{"line":23,"column":33}},"loc":{"start":{"line":23,"column":71},"end":{"line":38,"column":1}},"line":23},"3":{"name":"openCell","decl":{"start":{"line":40,"column":16},"end":{"line":40,"column":24}},"loc":{"start":{"line":44,"column":9},"end":{"line":78,"column":1}},"line":44}},"branchMap":{"0":{"loc":{"start":{"line":20,"column":9},"end":{"line":20,"column":61}},"type":"binary-expr","locations":[{"start":{"line":20,"column":9},"end":{"line":20,"column":15}},{"start":{"line":20,"column":19},"end":{"line":20,"column":25}},{"start":{"line":20,"column":29},"end":{"line":20,"column":43}},{"start":{"line":20,"column":47},"end":{"line":20,"column":61}}],"line":20},"1":{"loc":{"start":{"line":27,"column":4},"end":{"line":34,"column":5}},"type":"if","locations":[{"start":{"line":27,"column":4},"end":{"line":34,"column":5}},{"start":{},"end":{}}],"line":27},"2":{"loc":{"start":{"line":31,"column":6},"end":{"line":33,"column":7}},"type":"if","locations":[{"start":{"line":31,"column":6},"end":{"line":33,"column":7}},{"start":{},"end":{}}],"line":31},"3":{"loc":{"start":{"line":48,"column":2},"end":{"line":50,"column":3}},"type":"if","locations":[{"start":{"line":48,"column":2},"end":{"line":50,"column":3}},{"start":{},"end":{}}],"line":48},"4":{"loc":{"start":{"line":52,"column":2},"end":{"line":73,"column":3}},"type":"if","locations":[{"start":{"line":52,"column":2},"end":{"line":73,"column":3}},{"start":{},"end":{}}],"line":52},"5":{"loc":{"start":{"line":58,"column":6},"end":{"line":71,"column":7}},"type":"if","locations":[{"start":{"line":58,"column":6},"end":{"line":71,"column":7}},{"start":{},"end":{}}],"line":58},"6":{"loc":{"start":{"line":64,"column":8},"end":{"line":66,"column":9}},"type":"if","locations":[{"start":{"line":64,"column":8},"end":{"line":66,"column":9}},{"start":{},"end":{}}],"line":64},"7":{"loc":{"start":{"line":64,"column":12},"end":{"line":64,"column":75}},"type":"binary-expr","locations":[{"start":{"line":64,"column":12},"end":{"line":64,"column":40}},{"start":{"line":64,"column":44},"end":{"line":64,"column":75}}],"line":64},"8":{"loc":{"start":{"line":68,"column":8},"end":{"line":70,"column":9}},"type":"if","locations":[{"start":{"line":68,"column":8},"end":{"line":70,"column":9}},{"start":{},"end":{}}],"line":68}},"s":{"0":0,"1":0,"2":0,"3":0,"4":0,"5":0,"6":0,"7":0,"8":0,"9":0,"10":0,"11":0,"12":0,"13":0,"14":0,"15":0,"16":0,"17":0,"18":0,"19":0,"20":0,"21":0,"22":0,"23":0,"24":0,"25":0,"26":0,"27":0},"f":{"0":0,"1":0,"2":0,"3":0},"b":{"0":[0,0,0,0],"1":[0,0],"2":[0,0],"3":[0,0],"4":[0,0],"5":[0,0],"6":[0,0],"7":[0,0],"8":[0,0]},"_coverageSchema":"1a1c01bbd47fc00a2c39e90264f33305004495a9","hash":"944b8a2d83561df488b248ca11def571b290d02a"}
,"D:\\Courses\\Udemy\\React\\Nick Ovchinnikov\\minesweeper\\src\\helpers\\Field.ts": {"path":"D:\\Courses\\Udemy\\React\\Nick Ovchinnikov\\minesweeper\\src\\helpers\\Field.ts","statementMap":{"0":{"start":{"line":7,"column":47},"end":{"line":13,"column":1}},"1":{"start":{"line":32,"column":2},"end":{"line":32,"column":75}},"2":{"start":{"line":32,"column":46},"end":{"line":32,"column":73}},"3":{"start":{"line":36,"column":2},"end":{"line":38,"column":3}},"4":{"start":{"line":37,"column":4},"end":{"line":37,"column":59}},"5":{"start":{"line":40,"column":25},"end":{"line":40,"column":36}},"6":{"start":{"line":41,"column":27},"end":{"line":41,"column":57}},"7":{"start":{"line":43,"column":24},"end":{"line":43,"column":49}},"8":{"start":{"line":45,"column":2},"end":{"line":55,"column":3}},"9":{"start":{"line":45,"column":15},"end":{"line":45,"column":16}},"10":{"start":{"line":46,"column":4},"end":{"line":54,"column":5}},"11":{"start":{"line":46,"column":17},"end":{"line":46,"column":18}},"12":{"start":{"line":47,"column":6},"end":{"line":51,"column":7}},"13":{"start":{"line":48,"column":8},"end":{"line":48,"column":38}},"14":{"start":{"line":49,"column":8},"end":{"line":49,"column":42}},"15":{"start":{"line":50,"column":8},"end":{"line":50,"column":29}},"16":{"start":{"line":53,"column":6},"end":{"line":53,"column":25}},"17":{"start":{"line":57,"column":2},"end":{"line":57,"column":16}}},"fnMap":{"0":{"name":"emptyFieldGenerator","decl":{"start":{"line":28,"column":16},"end":{"line":28,"column":35}},"loc":{"start":{"line":31,"column":9},"end":{"line":33,"column":1}},"line":31},"1":{"name":"(anonymous_1)","decl":{"start":{"line":32,"column":40},"end":{"line":32,"column":41}},"loc":{"start":{"line":32,"column":46},"end":{"line":32,"column":73}},"line":32},"2":{"name":"fieldGenerator","decl":{"start":{"line":35,"column":16},"end":{"line":35,"column":30}},"loc":{"start":{"line":35,"column":73},"end":{"line":58,"column":1}},"line":35}},"branchMap":{"0":{"loc":{"start":{"line":30,"column":2},"end":{"line":30,"column":31}},"type":"default-arg","locations":[{"start":{"line":30,"column":16},"end":{"line":30,"column":31}}],"line":30},"1":{"loc":{"start":{"line":36,"column":2},"end":{"line":38,"column":3}},"type":"if","locations":[{"start":{"line":36,"column":2},"end":{"line":38,"column":3}},{"start":{},"end":{}}],"line":36},"2":{"loc":{"start":{"line":36,"column":6},"end":{"line":36,"column":40}},"type":"binary-expr","locations":[{"start":{"line":36,"column":6},"end":{"line":36,"column":21}},{"start":{"line":36,"column":25},"end":{"line":36,"column":40}}],"line":36},"3":{"loc":{"start":{"line":47,"column":6},"end":{"line":51,"column":7}},"type":"if","locations":[{"start":{"line":47,"column":6},"end":{"line":51,"column":7}},{"start":{},"end":{}}],"line":47}},"s":{"0":1,"1":3,"2":47,"3":0,"4":0,"5":0,"6":0,"7":0,"8":0,"9":0,"10":0,"11":0,"12":0,"13":0,"14":0,"15":0,"16":0,"17":0},"f":{"0":3,"1":47,"2":0},"b":{"0":[0],"1":[0,0],"2":[0,0],"3":[0,0]},"_coverageSchema":"1a1c01bbd47fc00a2c39e90264f33305004495a9","hash":"920f65c16d67aebfbf59a7e3fd87bd0e9a3b75ca"}
,"D:\\Courses\\Udemy\\React\\Nick Ovchinnikov\\minesweeper\\src\\hooks\\useMouseDown.ts": {"path":"D:\\Courses\\Udemy\\React\\Nick Ovchinnikov\\minesweeper\\src\\hooks\\useMouseDown.ts","statementMap":{"0":{"start":{"line":11,"column":36},"end":{"line":11,"column":57}},"1":{"start":{"line":18,"column":22},"end":{"line":18,"column":46}},"2":{"start":{"line":18,"column":28},"end":{"line":18,"column":46}},"3":{"start":{"line":19,"column":20},"end":{"line":19,"column":45}},"4":{"start":{"line":19,"column":26},"end":{"line":19,"column":45}},"5":{"start":{"line":21,"column":2},"end":{"line":21,"column":45}}},"fnMap":{"0":{"name":"useMouseDown","decl":{"start":{"line":6,"column":16},"end":{"line":6,"column":28}},"loc":{"start":{"line":10,"column":2},"end":{"line":22,"column":1}},"line":10},"1":{"name":"(anonymous_1)","decl":{"start":{"line":18,"column":22},"end":{"line":18,"column":23}},"loc":{"start":{"line":18,"column":28},"end":{"line":18,"column":46}},"line":18},"2":{"name":"(anonymous_2)","decl":{"start":{"line":19,"column":20},"end":{"line":19,"column":21}},"loc":{"start":{"line":19,"column":26},"end":{"line":19,"column":45}},"line":19}},"branchMap":{},"s":{"0":824,"1":824,"2":0,"3":824,"4":0,"5":824},"f":{"0":824,"1":0,"2":0},"b":{},"_coverageSchema":"1a1c01bbd47fc00a2c39e90264f33305004495a9","hash":"b3800e0b567c61e35321635e9a740064105d9222"}
,"D:\\Courses\\Udemy\\React\\Nick Ovchinnikov\\minesweeper\\src\\modules\\GameSettings.ts": {"path":"D:\\Courses\\Udemy\\React\\Nick Ovchinnikov\\minesweeper\\src\\modules\\GameSettings.ts","statementMap":{"0":{"start":{"line":1,"column":26},"end":{"line":1,"column":73}},"1":{"start":{"line":4,"column":40},"end":{"line":4,"column":78}},"2":{"start":{"line":11,"column":58},"end":{"line":15,"column":1}}},"fnMap":{},"branchMap":{},"s":{"0":1,"1":1,"2":1},"f":{},"b":{},"_coverageSchema":"1a1c01bbd47fc00a2c39e90264f33305004495a9","hash":"e1e71e7fa8df031431beee1b4b259e7d397ef0b4"}
,"D:\\Courses\\Udemy\\React\\Nick Ovchinnikov\\minesweeper\\src\\modules\\GameWithHooks\\GameWithHooks.tsx": {"path":"D:\\Courses\\Udemy\\React\\Nick Ovchinnikov\\minesweeper\\src\\modules\\GameWithHooks\\GameWithHooks.tsx","statementMap":{"0":{"start":{"line":16,"column":28},"end":{"line":16,"column":66}},"1":{"start":{"line":18,"column":24},"end":{"line":18,"column":43}},"2":{"start":{"line":20,"column":22},"end":{"line":20,"column":65}},"3":{"start":{"line":22,"column":2},"end":{"line":44,"column":4}},"4":{"start":{"line":33,"column":12},"end":{"line":33,"column":42}},"5":{"start":{"line":36,"column":25},"end":{"line":36,"column":29}},"6":{"start":{"line":38,"column":46},"end":{"line":38,"column":50}},"7":{"start":{"line":39,"column":29},"end":{"line":39,"column":33}},"8":{"start":{"line":39,"column":56},"end":{"line":39,"column":60}}},"fnMap":{"0":{"name":"GameWithHooks","decl":{"start":{"line":15,"column":24},"end":{"line":15,"column":37}},"loc":{"start":{"line":15,"column":40},"end":{"line":45,"column":1}},"line":15},"1":{"name":"(anonymous_1)","decl":{"start":{"line":32,"column":25},"end":{"line":32,"column":26}},"loc":{"start":{"line":32,"column":52},"end":{"line":34,"column":11}},"line":32},"2":{"name":"(anonymous_2)","decl":{"start":{"line":36,"column":19},"end":{"line":36,"column":20}},"loc":{"start":{"line":36,"column":25},"end":{"line":36,"column":29}},"line":36},"3":{"name":"(anonymous_3)","decl":{"start":{"line":38,"column":40},"end":{"line":38,"column":41}},"loc":{"start":{"line":38,"column":46},"end":{"line":38,"column":50}},"line":38},"4":{"name":"(anonymous_4)","decl":{"start":{"line":39,"column":23},"end":{"line":39,"column":24}},"loc":{"start":{"line":39,"column":29},"end":{"line":39,"column":33}},"line":39},"5":{"name":"(anonymous_5)","decl":{"start":{"line":39,"column":50},"end":{"line":39,"column":51}},"loc":{"start":{"line":39,"column":56},"end":{"line":39,"column":60}},"line":39}},"branchMap":{},"s":{"0":3,"1":3,"2":3,"3":3,"4":2,"5":0,"6":0,"7":0,"8":0},"f":{"0":3,"1":2,"2":0,"3":0,"4":0,"5":0},"b":{},"_coverageSchema":"1a1c01bbd47fc00a2c39e90264f33305004495a9","hash":"d1af71e7b13e8d5cd18bd9ad54731a388552bcf4"}
}
