{"D:\\Courses\\Udemy\\React\\Nick Ovchinnikov\\minesweeper\\src\\helpers\\CellsManipulator.ts": {"path":"D:\\Courses\\Udemy\\React\\Nick Ovchinnikov\\minesweeper\\src\\helpers\\CellsManipulator.ts","statementMap":{"0":{"start":{"line":7,"column":2},"end":{"line":16,"column":4}},"1":{"start":{"line":20,"column":2},"end":{"line":20,"column":62}},"2":{"start":{"line":24,"column":16},"end":{"line":24,"column":41}},"3":{"start":{"line":26,"column":2},"end":{"line":35,"column":3}},"4":{"start":{"line":27,"column":4},"end":{"line":34,"column":5}},"5":{"start":{"line":28,"column":21},"end":{"line":28,"column":25}},"6":{"start":{"line":29,"column":19},"end":{"line":29,"column":30}},"7":{"start":{"line":31,"column":6},"end":{"line":33,"column":7}},"8":{"start":{"line":32,"column":8},"end":{"line":32,"column":41}},"9":{"start":{"line":37,"column":2},"end":{"line":37,"column":15}}},"fnMap":{"0":{"name":"getNeigboursItems","decl":{"start":{"line":3,"column":16},"end":{"line":3,"column":33}},"loc":{"start":{"line":6,"column":2},"end":{"line":17,"column":1}},"line":6},"1":{"name":"checkItemInField","decl":{"start":{"line":19,"column":16},"end":{"line":19,"column":32}},"loc":{"start":{"line":19,"column":77},"end":{"line":21,"column":1}},"line":19},"2":{"name":"incrementNeibours","decl":{"start":{"line":23,"column":16},"end":{"line":23,"column":33}},"loc":{"start":{"line":23,"column":71},"end":{"line":38,"column":1}},"line":23}},"branchMap":{"0":{"loc":{"start":{"line":20,"column":9},"end":{"line":20,"column":61}},"type":"binary-expr","locations":[{"start":{"line":20,"column":9},"end":{"line":20,"column":15}},{"start":{"line":20,"column":19},"end":{"line":20,"column":25}},{"start":{"line":20,"column":29},"end":{"line":20,"column":43}},{"start":{"line":20,"column":47},"end":{"line":20,"column":61}}],"line":20},"1":{"loc":{"start":{"line":27,"column":4},"end":{"line":34,"column":5}},"type":"if","locations":[{"start":{"line":27,"column":4},"end":{"line":34,"column":5}},{"start":{},"end":{}}],"line":27},"2":{"loc":{"start":{"line":31,"column":6},"end":{"line":33,"column":7}},"type":"if","locations":[{"start":{"line":31,"column":6},"end":{"line":33,"column":7}},{"start":{},"end":{}}],"line":31}},"s":{"0":41,"1":319,"2":39,"3":39,"4":312,"5":221,"6":221,"7":221,"8":193,"9":39},"f":{"0":41,"1":319,"2":39},"b":{"0":[319,291,268,246],"1":[221,91],"2":[193,28]},"_coverageSchema":"1a1c01bbd47fc00a2c39e90264f33305004495a9","hash":"9a42741df7489a22f80fb6c07961ad6cd101f04b"}
,"D:\\Courses\\Udemy\\React\\Nick Ovchinnikov\\minesweeper\\src\\helpers\\Field.ts": {"path":"D:\\Courses\\Udemy\\React\\Nick Ovchinnikov\\minesweeper\\src\\helpers\\Field.ts","statementMap":{"0":{"start":{"line":7,"column":47},"end":{"line":13,"column":1}},"1":{"start":{"line":19,"column":2},"end":{"line":19,"column":75}},"2":{"start":{"line":19,"column":46},"end":{"line":19,"column":73}},"3":{"start":{"line":23,"column":2},"end":{"line":25,"column":3}},"4":{"start":{"line":24,"column":4},"end":{"line":24,"column":59}},"5":{"start":{"line":27,"column":25},"end":{"line":27,"column":36}},"6":{"start":{"line":28,"column":27},"end":{"line":28,"column":57}},"7":{"start":{"line":30,"column":24},"end":{"line":30,"column":49}},"8":{"start":{"line":32,"column":2},"end":{"line":44,"column":3}},"9":{"start":{"line":32,"column":15},"end":{"line":32,"column":16}},"10":{"start":{"line":33,"column":4},"end":{"line":43,"column":5}},"11":{"start":{"line":33,"column":17},"end":{"line":33,"column":18}},"12":{"start":{"line":34,"column":6},"end":{"line":34,"column":50}},"13":{"start":{"line":34,"column":36},"end":{"line":34,"column":50}},"14":{"start":{"line":36,"column":6},"end":{"line":40,"column":7}},"15":{"start":{"line":37,"column":8},"end":{"line":37,"column":38}},"16":{"start":{"line":38,"column":8},"end":{"line":38,"column":42}},"17":{"start":{"line":39,"column":8},"end":{"line":39,"column":29}},"18":{"start":{"line":42,"column":6},"end":{"line":42,"column":25}},"19":{"start":{"line":46,"column":2},"end":{"line":46,"column":16}}},"fnMap":{"0":{"name":"emptyFieldGenerator","decl":{"start":{"line":15,"column":16},"end":{"line":15,"column":35}},"loc":{"start":{"line":18,"column":9},"end":{"line":20,"column":1}},"line":18},"1":{"name":"(anonymous_1)","decl":{"start":{"line":19,"column":40},"end":{"line":19,"column":41}},"loc":{"start":{"line":19,"column":46},"end":{"line":19,"column":73}},"line":19},"2":{"name":"fieldGenerator","decl":{"start":{"line":22,"column":16},"end":{"line":22,"column":30}},"loc":{"start":{"line":22,"column":73},"end":{"line":47,"column":1}},"line":22}},"branchMap":{"0":{"loc":{"start":{"line":17,"column":2},"end":{"line":17,"column":31}},"type":"default-arg","locations":[{"start":{"line":17,"column":16},"end":{"line":17,"column":31}}],"line":17},"1":{"loc":{"start":{"line":23,"column":2},"end":{"line":25,"column":3}},"type":"if","locations":[{"start":{"line":23,"column":2},"end":{"line":25,"column":3}},{"start":{},"end":{}}],"line":23},"2":{"loc":{"start":{"line":23,"column":6},"end":{"line":23,"column":40}},"type":"binary-expr","locations":[{"start":{"line":23,"column":6},"end":{"line":23,"column":21}},{"start":{"line":23,"column":25},"end":{"line":23,"column":40}}],"line":23},"3":{"loc":{"start":{"line":34,"column":6},"end":{"line":34,"column":50}},"type":"if","locations":[{"start":{"line":34,"column":6},"end":{"line":34,"column":50}},{"start":{},"end":{}}],"line":34},"4":{"loc":{"start":{"line":36,"column":6},"end":{"line":40,"column":7}},"type":"if","locations":[{"start":{"line":36,"column":6},"end":{"line":40,"column":7}},{"start":{},"end":{}}],"line":36}},"s":{"0":2,"1":9,"2":34,"3":8,"4":2,"5":6,"6":6,"7":6,"8":6,"9":6,"10":17,"11":17,"12":107,"13":4,"14":103,"15":32,"16":32,"17":32,"18":103,"19":2},"f":{"0":9,"1":34,"2":8},"b":{"0":[8],"1":[2,6],"2":[8,7],"3":[4,103],"4":[32,71]},"_coverageSchema":"1a1c01bbd47fc00a2c39e90264f33305004495a9","hash":"eaa289720c616b11b799131aad83b03cf7e52a7f"}
}
