TN:
SF:src\helpers\CellsManipulator.ts
FN:3,getNeigboursItems
FN:19,checkItemInField
FN:23,incrementNeibours
FN:40,openCell
FNF:4
FNH:3
FNDA:6,getNeigboursItems
FNDA:48,checkItemInField
FNDA:0,incrementNeibours
FNDA:6,openCell
DA:7,6
DA:20,48
DA:24,0
DA:26,0
DA:27,0
DA:28,0
DA:29,0
DA:31,0
DA:32,0
DA:37,0
DA:45,6
DA:46,6
DA:48,6
DA:49,0
DA:52,6
DA:53,6
DA:55,6
DA:57,6
DA:58,48
DA:59,42
DA:61,42
DA:62,42
DA:64,42
DA:65,5
DA:68,42
DA:69,42
DA:75,6
DA:77,6
LF:28
LH:19
BRDA:20,0,0,48
BRDA:20,0,1,48
BRDA:20,0,2,48
BRDA:20,0,3,45
BRDA:27,1,0,0
BRDA:27,1,1,0
BRDA:31,2,0,0
BRDA:31,2,1,0
BRDA:48,3,0,0
BRDA:48,3,1,6
BRDA:52,4,0,6
BRDA:52,4,1,0
BRDA:58,5,0,42
BRDA:58,5,1,6
BRDA:64,6,0,5
BRDA:64,6,1,37
BRDA:64,7,0,42
BRDA:64,7,1,14
BRDA:68,8,0,42
BRDA:68,8,1,0
BRF:20
BRH:13
end_of_record
TN:
SF:src\helpers\Field.ts
FN:15,emptyFieldGenerator
FN:19,(anonymous_1)
FN:22,fieldGenerator
FNF:3
FNH:0
FNDA:0,emptyFieldGenerator
FNDA:0,(anonymous_1)
FNDA:0,fieldGenerator
DA:7,1
DA:19,0
DA:23,0
DA:24,0
DA:27,0
DA:28,0
DA:30,0
DA:32,0
DA:33,0
DA:34,0
DA:35,0
DA:36,0
DA:37,0
DA:40,0
DA:44,0
LF:15
LH:1
BRDA:17,0,0,0
BRDA:23,1,0,0
BRDA:23,1,1,0
BRDA:23,2,0,0
BRDA:23,2,1,0
BRDA:34,3,0,0
BRDA:34,3,1,0
BRF:7
BRH:0
end_of_record
