TN:
SF:src\helpers\CellsManipulator.ts
FN:3,getNeigboursItems
FN:19,checkItemInField
FN:23,incrementNeibours
FN:46,openCell
FNF:4
FNH:3
FNDA:5,getNeigboursItems
FNDA:40,checkItemInField
FNDA:0,incrementNeibours
FNDA:9,openCell
DA:7,5
DA:20,40
DA:24,0
DA:26,0
DA:27,0
DA:28,0
DA:29,0
DA:31,0
DA:32,0
DA:36,0
DA:51,9
DA:52,9
DA:54,9
DA:55,1
DA:58,8
DA:59,5
DA:61,5
DA:63,5
DA:64,40
DA:65,15
DA:67,15
DA:68,15
DA:70,15
DA:71,0
DA:74,15
DA:75,15
DA:81,8
DA:83,8
LF:28
LH:19
BRDA:20,0,0,40
BRDA:20,0,1,31
BRDA:20,0,2,25
BRDA:20,0,3,19
BRDA:27,1,0,0
BRDA:27,1,1,0
BRDA:31,2,0,0
BRDA:31,2,1,0
BRDA:54,3,0,1
BRDA:54,3,1,8
BRDA:58,4,0,5
BRDA:58,4,1,3
BRDA:64,5,0,15
BRDA:64,5,1,25
BRDA:70,6,0,0
BRDA:70,6,1,15
BRDA:70,7,0,15
BRDA:70,7,1,0
BRDA:74,8,0,15
BRDA:74,8,1,0
BRF:20
BRH:13
end_of_record
TN:
SF:src\modules\GameSettings.ts
FNF:0
FNH:0
DA:1,1
DA:4,1
DA:11,1
LF:3
LH:3
BRF:0
BRH:0
end_of_record
TN:
SF:src\modules\GameWithHooks\useGame.ts
FN:24,useGame
FN:40,(anonymous_1)
FN:50,(anonymous_2)
FN:63,(anonymous_3)
FN:69,(anonymous_4)
FNF:5
FNH:5
FNDA:22,useGame
FNDA:9,(anonymous_1)
FNDA:6,(anonymous_2)
FNDA:4,(anonymous_3)
FNDA:2,(anonymous_4)
DA:25,22
DA:27,22
DA:28,22
DA:30,22
DA:32,22
DA:36,22
DA:40,22
DA:41,9
DA:42,9
DA:43,8
DA:45,1
DA:46,1
DA:50,22
DA:51,6
DA:52,6
DA:57,6
DA:58,6
DA:59,6
DA:60,6
DA:63,22
DA:64,4
DA:65,4
DA:66,4
DA:69,22
DA:71,22
LF:25
LH:25
BRF:0
BRH:0
end_of_record
